<?xml version="1.0" encoding="UTF-8"?>
<!-- Generated by org.testng.reporters.JUnitReportReporter -->
<testsuite hostname="Rv" failures="0" tests="3" name="mainCode.UITesting" time="7.999" errors="0" timestamp="2023-02-16T22:49:33 IST" skipped="0">
  <testcase classname="mainCode.UITesting" name="VerifyLoginPageTitle" time="1.867"/>
  <system-out/>
  <testcase classname="mainCode.UITesting" name="VerifyHomePageTitle" time="1.441"/>
  <system-out/>
  <testcase classname="mainCode.UITesting" name="VerifyAccountPageTitle" time="4.691"/>
  <system-out/>
</testsuite> <!-- mainCode.UITesting -->
