<?xml version="1.0" encoding="UTF-8"?>
<!-- Generated by org.testng.reporters.JUnitReportReporter -->
<testsuite hostname="Rv" failures="0" tests="11" name="mainCode.ValidateLoginPage" time="35.592" errors="0" timestamp="2023-02-16T22:49:33 IST" skipped="0">
  <testcase classname="mainCode.ValidateLoginPage" name="Email_Case_Insensitive_Verification" time="3.767"/>
  <system-out/>
  <testcase classname="mainCode.ValidateLoginPage" name="validateLoginLinkOnHomePage" time="1.682"/>
  <system-out/>
  <testcase classname="mainCode.ValidateLoginPage" name="VerifySpellingLoginPage" time="1.769"/>
  <system-out/>
  <testcase classname="mainCode.ValidateLoginPage" name="VerifyasideForgetpasswordLink" time="1.820"/>
  <system-out/>
  <testcase classname="mainCode.ValidateLoginPage" name="LoginWithOutCredential" time="2.616"/>
  <system-out/>
  <testcase classname="mainCode.ValidateLoginPage" name="VerifyForgetpasswordPage" time="2.018"/>
  <system-out/>
  <testcase classname="mainCode.ValidateLoginPage" name="LoginWithOutEmail" time="4.718"/>
  <system-out/>
  <testcase classname="mainCode.ValidateLoginPage" name="verify_refresh_loginpage" time="2.999"/>
  <system-out/>
  <testcase classname="mainCode.ValidateLoginPage" name="VerifyTiltleAfterLogin" time="4.770"/>
  <system-out/>
  <testcase classname="mainCode.ValidateLoginPage" name="withValidcredential" time="4.691"/>
  <system-out/>
  <testcase classname="mainCode.ValidateLoginPage" name="LoginWithoutPassword" time="4.742"/>
  <system-out/>
</testsuite> <!-- mainCode.ValidateLoginPage -->
