<?xml version="1.0" encoding="UTF-8"?>
<!-- Generated by org.testng.reporters.JUnitReportReporter -->
<testsuite hostname="Rv" failures="0" tests="13" name="mainCode.ValidateRegisterationPage" time="46.833" errors="0" timestamp="2023-02-16T22:49:33 IST" skipped="0">
  <testcase classname="mainCode.ValidateRegisterationPage" name="VerifyLoginlinkWorkInRegisterPage" time="1.875"/>
  <system-out/>
  <testcase classname="mainCode.ValidateRegisterationPage" name="VerifyRegisterationPageLinkWorkInLoginPage" time="1.741"/>
  <system-out/>
  <testcase classname="mainCode.ValidateRegisterationPage" name="VeriyRegisterPageWithoutEnterFirstNme" time="6.019"/>
  <system-out/>
  <testcase classname="mainCode.ValidateRegisterationPage" name="ValidateifUserEnterdataAfterreshdatawillbecleared" time="7.357"/>
  <system-out/>
  <testcase classname="mainCode.ValidateRegisterationPage" name="VeriyRegisterPageWithoutLastFirstNme" time="6.033"/>
  <system-out/>
  <testcase classname="mainCode.ValidateRegisterationPage" name="Registerwithoutclickingprivacycheckbox" time="5.976"/>
  <system-out/>
  <testcase classname="mainCode.ValidateRegisterationPage" name="VeriyasideRegisterLinkWorkInLoginPage" time="1.828"/>
  <system-out/>
  <testcase classname="mainCode.ValidateRegisterationPage" name="ValidateRegisterAfterclickinRegister" time="1.781"/>
  <system-out/>
  <testcase classname="mainCode.ValidateRegisterationPage" name="VerifytheSpellinginRegistrationFields" time="1.699"/>
  <system-out/>
  <testcase classname="mainCode.ValidateRegisterationPage" name="VerifyEmailfieldacceptOnlyacceptvalidemail" time="3.994"/>
  <system-out/>
  <testcase classname="mainCode.ValidateRegisterationPage" name="ValidaterefreshthePageOnRegistration" time="1.809"/>
  <system-out/>
  <testcase classname="mainCode.ValidateRegisterationPage" name="ValidateErrorMessageRegisterWithalreadyExistEmail" time="4.906"/>
  <system-out/>
  <testcase classname="mainCode.ValidateRegisterationPage" name="Validatetheregistrationtitleafterrefresh" time="1.815"/>
  <system-out/>
</testsuite> <!-- mainCode.ValidateRegisterationPage -->
