<?xml version="1.0" encoding="UTF-8"?>
<!-- Generated by org.testng.reporters.JUnitReportReporter -->
<testsuite hostname="Rv" failures="0" tests="3" name="mainCode.ValidateLinks" time="70.320" errors="0" timestamp="2023-02-16T22:49:33 IST" skipped="0">
  <testcase classname="mainCode.ValidateLinks" name="ValidatefooterLinks" time="56.076"/>
  <system-out/>
  <testcase classname="mainCode.ValidateLinks" name="ValidateasideLinks" time="7.173"/>
  <system-out/>
  <testcase classname="mainCode.ValidateLinks" name="ValidatemainLinks" time="7.071"/>
  <system-out/>
</testsuite> <!-- mainCode.ValidateLinks -->
